have_type: checking for rb_io_mode_t in ruby/io.h... -------------------- no

LD_LIBRARY_PATH=.:/nix/store/ffab2776ms3n4akdgxqwh5w04jh4hw3i-ruby-3.4.5/lib:/etc/sane-libs:/nix/store/98kvklm131lfws13a2m8j7jn62i278q1-pipewire-1.4.7-jack/lib ASAN_OPTIONS=detect_leaks=0 "gcc -o conftest -I/nix/store/ffab2776ms3n4akdgxqwh5w04jh4hw3i-ruby-3.4.5/include/ruby-3.4.0/x86_64-linux -I/nix/store/ffab2776ms3n4akdgxqwh5w04jh4hw3i-ruby-3.4.5/include/ruby-3.4.0/ruby/backward -I/nix/store/ffab2776ms3n4akdgxqwh5w04jh4hw3i-ruby-3.4.5/include/ruby-3.4.0 -I.    -O3 -fPIC conftest.c -L. -L/nix/store/ffab2776ms3n4akdgxqwh5w04jh4hw3i-ruby-3.4.5/lib -Wl,-rpath,/nix/store/ffab2776ms3n4akdgxqwh5w04jh4hw3i-ruby-3.4.5/lib -L. -fstack-protector-strong -rdynamic -Wl,-export-dynamic -Wl,--no-as-needed     -Wl,-rpath,/nix/store/ffab2776ms3n4akdgxqwh5w04jh4hw3i-ruby-3.4.5/lib -L/nix/store/ffab2776ms3n4akdgxqwh5w04jh4hw3i-ruby-3.4.5/lib -lruby-3.4.5  -lm -lpthread  -lc"
checked program was:
/* begin */
1: #include "ruby.h"
2: 
3: int main(int argc, char **argv)
4: {
5:   return !!argv[argc];
6: }
/* end */

LD_LIBRARY_PATH=.:/nix/store/ffab2776ms3n4akdgxqwh5w04jh4hw3i-ruby-3.4.5/lib:/etc/sane-libs:/nix/store/98kvklm131lfws13a2m8j7jn62i278q1-pipewire-1.4.7-jack/lib ASAN_OPTIONS=detect_leaks=0 "gcc -I/nix/store/ffab2776ms3n4akdgxqwh5w04jh4hw3i-ruby-3.4.5/include/ruby-3.4.0/x86_64-linux -I/nix/store/ffab2776ms3n4akdgxqwh5w04jh4hw3i-ruby-3.4.5/include/ruby-3.4.0/ruby/backward -I/nix/store/ffab2776ms3n4akdgxqwh5w04jh4hw3i-ruby-3.4.5/include/ruby-3.4.0 -I.    -O3 -fPIC   -c conftest.c"
conftest.c:6:9: error: unknown type name ‘rb_io_mode_t’; did you mean ‘rb_mode_t’?
    6 | typedef rb_io_mode_t conftest_type;
      |         ^~~~~~~~~~~~
      |         rb_mode_t
checked program was:
/* begin */
1: #include "ruby.h"
2: 
3: #include <ruby/io.h>
4: 
5: /*top*/
6: typedef rb_io_mode_t conftest_type;
7: int conftestval[sizeof(conftest_type)?1:-1];
/* end */

--------------------

