have_func: checking for rb_enc_interned_str() in ruby/encoding.h... -------------------- yes

LD_LIBRARY_PATH=.:/nix/store/ffab2776ms3n4akdgxqwh5w04jh4hw3i-ruby-3.4.5/lib:/etc/sane-libs:/nix/store/98kvklm131lfws13a2m8j7jn62i278q1-pipewire-1.4.7-jack/lib ASAN_OPTIONS=detect_leaks=0 "gcc -o conftest -I/nix/store/ffab2776ms3n4akdgxqwh5w04jh4hw3i-ruby-3.4.5/include/ruby-3.4.0/x86_64-linux -I/nix/store/ffab2776ms3n4akdgxqwh5w04jh4hw3i-ruby-3.4.5/include/ruby-3.4.0/ruby/backward -I/nix/store/ffab2776ms3n4akdgxqwh5w04jh4hw3i-ruby-3.4.5/include/ruby-3.4.0 -I.    -O3 -fPIC conftest.c -L. -L/nix/store/ffab2776ms3n4akdgxqwh5w04jh4hw3i-ruby-3.4.5/lib -Wl,-rpath,/nix/store/ffab2776ms3n4akdgxqwh5w04jh4hw3i-ruby-3.4.5/lib -L. -fstack-protector-strong -rdynamic -Wl,-export-dynamic -Wl,--no-as-needed     -Wl,-rpath,/nix/store/ffab2776ms3n4akdgxqwh5w04jh4hw3i-ruby-3.4.5/lib -L/nix/store/ffab2776ms3n4akdgxqwh5w04jh4hw3i-ruby-3.4.5/lib -lruby-3.4.5  -lm -lpthread  -lc"
checked program was:
/* begin */
1: #include "ruby.h"
2: 
3: int main(int argc, char **argv)
4: {
5:   return !!argv[argc];
6: }
/* end */

LD_LIBRARY_PATH=.:/nix/store/ffab2776ms3n4akdgxqwh5w04jh4hw3i-ruby-3.4.5/lib:/etc/sane-libs:/nix/store/98kvklm131lfws13a2m8j7jn62i278q1-pipewire-1.4.7-jack/lib ASAN_OPTIONS=detect_leaks=0 "gcc -o conftest -I/nix/store/ffab2776ms3n4akdgxqwh5w04jh4hw3i-ruby-3.4.5/include/ruby-3.4.0/x86_64-linux -I/nix/store/ffab2776ms3n4akdgxqwh5w04jh4hw3i-ruby-3.4.5/include/ruby-3.4.0/ruby/backward -I/nix/store/ffab2776ms3n4akdgxqwh5w04jh4hw3i-ruby-3.4.5/include/ruby-3.4.0 -I.    -O3 -fPIC conftest.c -L. -L/nix/store/ffab2776ms3n4akdgxqwh5w04jh4hw3i-ruby-3.4.5/lib -Wl,-rpath,/nix/store/ffab2776ms3n4akdgxqwh5w04jh4hw3i-ruby-3.4.5/lib -L. -fstack-protector-strong -rdynamic -Wl,-export-dynamic -Wl,--no-as-needed     -Wl,-rpath,/nix/store/ffab2776ms3n4akdgxqwh5w04jh4hw3i-ruby-3.4.5/lib -L/nix/store/ffab2776ms3n4akdgxqwh5w04jh4hw3i-ruby-3.4.5/lib -lruby-3.4.5  -lm -lpthread  -lc"
checked program was:
/* begin */
 1: #include "ruby.h"
 2: 
 3: #include <ruby/encoding.h>
 4: 
 5: /*top*/
 6: extern int t(void);
 7: int main(int argc, char **argv)
 8: {
 9:   if (argc > 1000000) {
10:     int (* volatile tp)(void)=(int (*)(void))&t;
11:     printf("%d", (*tp)());
12:   }
13: 
14:   return !!argv[argc];
15: }
16: int t(void) { void ((*volatile p)()); p = (void ((*)()))rb_enc_interned_str; return !p; }
/* end */

--------------------

have_func: checking for rb_hash_new_capa() in ruby.h... -------------------- yes

LD_LIBRARY_PATH=.:/nix/store/ffab2776ms3n4akdgxqwh5w04jh4hw3i-ruby-3.4.5/lib:/etc/sane-libs:/nix/store/98kvklm131lfws13a2m8j7jn62i278q1-pipewire-1.4.7-jack/lib ASAN_OPTIONS=detect_leaks=0 "gcc -o conftest -I/nix/store/ffab2776ms3n4akdgxqwh5w04jh4hw3i-ruby-3.4.5/include/ruby-3.4.0/x86_64-linux -I/nix/store/ffab2776ms3n4akdgxqwh5w04jh4hw3i-ruby-3.4.5/include/ruby-3.4.0/ruby/backward -I/nix/store/ffab2776ms3n4akdgxqwh5w04jh4hw3i-ruby-3.4.5/include/ruby-3.4.0 -I.    -O3 -fPIC conftest.c -L. -L/nix/store/ffab2776ms3n4akdgxqwh5w04jh4hw3i-ruby-3.4.5/lib -Wl,-rpath,/nix/store/ffab2776ms3n4akdgxqwh5w04jh4hw3i-ruby-3.4.5/lib -L. -fstack-protector-strong -rdynamic -Wl,-export-dynamic -Wl,--no-as-needed     -Wl,-rpath,/nix/store/ffab2776ms3n4akdgxqwh5w04jh4hw3i-ruby-3.4.5/lib -L/nix/store/ffab2776ms3n4akdgxqwh5w04jh4hw3i-ruby-3.4.5/lib -lruby-3.4.5  -lm -lpthread  -lc"
checked program was:
/* begin */
 1: #include "ruby.h"
 2: 
 3: #include <ruby.h>
 4: 
 5: /*top*/
 6: extern int t(void);
 7: int main(int argc, char **argv)
 8: {
 9:   if (argc > 1000000) {
10:     int (* volatile tp)(void)=(int (*)(void))&t;
11:     printf("%d", (*tp)());
12:   }
13: 
14:   return !!argv[argc];
15: }
16: int t(void) { void ((*volatile p)()); p = (void ((*)()))rb_hash_new_capa; return !p; }
/* end */

--------------------

have_func: checking for rb_hash_bulk_insert() in ruby.h... -------------------- yes

LD_LIBRARY_PATH=.:/nix/store/ffab2776ms3n4akdgxqwh5w04jh4hw3i-ruby-3.4.5/lib:/etc/sane-libs:/nix/store/98kvklm131lfws13a2m8j7jn62i278q1-pipewire-1.4.7-jack/lib ASAN_OPTIONS=detect_leaks=0 "gcc -o conftest -I/nix/store/ffab2776ms3n4akdgxqwh5w04jh4hw3i-ruby-3.4.5/include/ruby-3.4.0/x86_64-linux -I/nix/store/ffab2776ms3n4akdgxqwh5w04jh4hw3i-ruby-3.4.5/include/ruby-3.4.0/ruby/backward -I/nix/store/ffab2776ms3n4akdgxqwh5w04jh4hw3i-ruby-3.4.5/include/ruby-3.4.0 -I.    -O3 -fPIC conftest.c -L. -L/nix/store/ffab2776ms3n4akdgxqwh5w04jh4hw3i-ruby-3.4.5/lib -Wl,-rpath,/nix/store/ffab2776ms3n4akdgxqwh5w04jh4hw3i-ruby-3.4.5/lib -L. -fstack-protector-strong -rdynamic -Wl,-export-dynamic -Wl,--no-as-needed     -Wl,-rpath,/nix/store/ffab2776ms3n4akdgxqwh5w04jh4hw3i-ruby-3.4.5/lib -L/nix/store/ffab2776ms3n4akdgxqwh5w04jh4hw3i-ruby-3.4.5/lib -lruby-3.4.5  -lm -lpthread  -lc"
checked program was:
/* begin */
 1: #include "ruby.h"
 2: 
 3: #include <ruby.h>
 4: 
 5: /*top*/
 6: extern int t(void);
 7: int main(int argc, char **argv)
 8: {
 9:   if (argc > 1000000) {
10:     int (* volatile tp)(void)=(int (*)(void))&t;
11:     printf("%d", (*tp)());
12:   }
13: 
14:   return !!argv[argc];
15: }
16: int t(void) { void ((*volatile p)()); p = (void ((*)()))rb_hash_bulk_insert; return !p; }
/* end */

--------------------

have_func: checking for strnlen() in string.h... -------------------- yes

LD_LIBRARY_PATH=.:/nix/store/ffab2776ms3n4akdgxqwh5w04jh4hw3i-ruby-3.4.5/lib:/etc/sane-libs:/nix/store/98kvklm131lfws13a2m8j7jn62i278q1-pipewire-1.4.7-jack/lib ASAN_OPTIONS=detect_leaks=0 "gcc -o conftest -I/nix/store/ffab2776ms3n4akdgxqwh5w04jh4hw3i-ruby-3.4.5/include/ruby-3.4.0/x86_64-linux -I/nix/store/ffab2776ms3n4akdgxqwh5w04jh4hw3i-ruby-3.4.5/include/ruby-3.4.0/ruby/backward -I/nix/store/ffab2776ms3n4akdgxqwh5w04jh4hw3i-ruby-3.4.5/include/ruby-3.4.0 -I.    -O3 -fPIC conftest.c -L. -L/nix/store/ffab2776ms3n4akdgxqwh5w04jh4hw3i-ruby-3.4.5/lib -Wl,-rpath,/nix/store/ffab2776ms3n4akdgxqwh5w04jh4hw3i-ruby-3.4.5/lib -L. -fstack-protector-strong -rdynamic -Wl,-export-dynamic -Wl,--no-as-needed     -Wl,-rpath,/nix/store/ffab2776ms3n4akdgxqwh5w04jh4hw3i-ruby-3.4.5/lib -L/nix/store/ffab2776ms3n4akdgxqwh5w04jh4hw3i-ruby-3.4.5/lib -lruby-3.4.5  -lm -lpthread  -lc"
checked program was:
/* begin */
 1: #include "ruby.h"
 2: 
 3: #include <string.h>
 4: 
 5: /*top*/
 6: extern int t(void);
 7: int main(int argc, char **argv)
 8: {
 9:   if (argc > 1000000) {
10:     int (* volatile tp)(void)=(int (*)(void))&t;
11:     printf("%d", (*tp)());
12:   }
13: 
14:   return !!argv[argc];
15: }
16: int t(void) { void ((*volatile p)()); p = (void ((*)()))strnlen; return !p; }
/* end */

--------------------

append_cflags: checking for whether -std=c99 is accepted as CFLAGS... -------------------- yes

LD_LIBRARY_PATH=.:/nix/store/ffab2776ms3n4akdgxqwh5w04jh4hw3i-ruby-3.4.5/lib:/etc/sane-libs:/nix/store/98kvklm131lfws13a2m8j7jn62i278q1-pipewire-1.4.7-jack/lib ASAN_OPTIONS=detect_leaks=0 "gcc -I/nix/store/ffab2776ms3n4akdgxqwh5w04jh4hw3i-ruby-3.4.5/include/ruby-3.4.0/x86_64-linux -I/nix/store/ffab2776ms3n4akdgxqwh5w04jh4hw3i-ruby-3.4.5/include/ruby-3.4.0/ruby/backward -I/nix/store/ffab2776ms3n4akdgxqwh5w04jh4hw3i-ruby-3.4.5/include/ruby-3.4.0 -I.    -O3 -fPIC  -std=c99 -Werror -c conftest.c"
checked program was:
/* begin */
1: #include "ruby.h"
2: 
3: int main(int argc, char **argv)
4: {
5:   return !!argv[argc];
6: }
/* end */

--------------------

have_header: checking for x86intrin.h... -------------------- yes

LD_LIBRARY_PATH=.:/nix/store/ffab2776ms3n4akdgxqwh5w04jh4hw3i-ruby-3.4.5/lib:/etc/sane-libs:/nix/store/98kvklm131lfws13a2m8j7jn62i278q1-pipewire-1.4.7-jack/lib ASAN_OPTIONS=detect_leaks=0 "gcc -I/nix/store/ffab2776ms3n4akdgxqwh5w04jh4hw3i-ruby-3.4.5/include/ruby-3.4.0/x86_64-linux -I/nix/store/ffab2776ms3n4akdgxqwh5w04jh4hw3i-ruby-3.4.5/include/ruby-3.4.0/ruby/backward -I/nix/store/ffab2776ms3n4akdgxqwh5w04jh4hw3i-ruby-3.4.5/include/ruby-3.4.0 -I.    -O3 -fPIC -std=c99   -c conftest.c"
checked program was:
/* begin */
1: #include "ruby.h"
2: 
3: #include <x86intrin.h>
/* end */

--------------------

LD_LIBRARY_PATH=.:/nix/store/ffab2776ms3n4akdgxqwh5w04jh4hw3i-ruby-3.4.5/lib:/etc/sane-libs:/nix/store/98kvklm131lfws13a2m8j7jn62i278q1-pipewire-1.4.7-jack/lib ASAN_OPTIONS=detect_leaks=0 "gcc -I/nix/store/ffab2776ms3n4akdgxqwh5w04jh4hw3i-ruby-3.4.5/include/ruby-3.4.0/x86_64-linux -I/nix/store/ffab2776ms3n4akdgxqwh5w04jh4hw3i-ruby-3.4.5/include/ruby-3.4.0/ruby/backward -I/nix/store/ffab2776ms3n4akdgxqwh5w04jh4hw3i-ruby-3.4.5/include/ruby-3.4.0 -I.    -O3 -fPIC -std=c99  -Werror=implicit-function-declaration -c conftest.c"
checked program was:
/* begin */
 1: #include "ruby.h"
 2: 
 3: #include <x86intrin.h>
 4: 
 5: int main(int argc, char **argv) {
 6:   __m128i test = _mm_set1_epi8(32);
 7:   if (__builtin_cpu_supports("sse2")) { printf("OK"); }
 8:   if (argc > 100000) printf("%p", &test);
 9:   return 0;
10: }
/* end */

have_header: checking for cpuid.h... -------------------- yes

LD_LIBRARY_PATH=.:/nix/store/ffab2776ms3n4akdgxqwh5w04jh4hw3i-ruby-3.4.5/lib:/etc/sane-libs:/nix/store/98kvklm131lfws13a2m8j7jn62i278q1-pipewire-1.4.7-jack/lib ASAN_OPTIONS=detect_leaks=0 "gcc -I/nix/store/ffab2776ms3n4akdgxqwh5w04jh4hw3i-ruby-3.4.5/include/ruby-3.4.0/x86_64-linux -I/nix/store/ffab2776ms3n4akdgxqwh5w04jh4hw3i-ruby-3.4.5/include/ruby-3.4.0/ruby/backward -I/nix/store/ffab2776ms3n4akdgxqwh5w04jh4hw3i-ruby-3.4.5/include/ruby-3.4.0 -I.    -O3 -fPIC -std=c99   -c conftest.c"
checked program was:
/* begin */
1: #include "ruby.h"
2: 
3: #include <cpuid.h>
/* end */

--------------------

