current directory: /home/cac/dev/rails/TOP-MembersOnly/.devenv/state/.bundle/ruby/3.4.0/gems/msgpack-1.8.0/ext/msgpack
/nix/store/ffab2776ms3n4akdgxqwh5w04jh4hw3i-ruby-3.4.5/bin/ruby extconf.rb
checking for rb_enc_interned_str() in ruby.h... yes
checking for rb_hash_new_capa() in ruby.h... yes
checking for rb_proc_call_with_block() in ruby.h... yes
checking for rb_gc_mark_locations() in ruby.h... yes
checking for whether -fvisibility=hidden is accepted as CFLAGS... yes
checking for whether -I.. is accepted as CFLAGS... yes
checking for whether -Wall is accepted as CFLAGS... yes
checking for whether -std=gnu99 is accepted as CFLAGS... yes
checking for whether -DHASH_ASET_DEDUPE=1 is accepted as CFLAGS... yes
checking for whether -DSTR_UMINUS_DEDUPE_FROZEN=1 is accepted as CFLAGS... yes
creating Makefile

current directory: /home/cac/dev/rails/TOP-MembersOnly/.devenv/state/.bundle/ruby/3.4.0/gems/msgpack-1.8.0/ext/msgpack
make DESTDIR\= sitearchdir\=./.gem.20250815-59634-i1jhkv sitelibdir\=./.gem.20250815-59634-i1jhkv clean

current directory: /home/cac/dev/rails/TOP-MembersOnly/.devenv/state/.bundle/ruby/3.4.0/gems/msgpack-1.8.0/ext/msgpack
make DESTDIR\= sitearchdir\=./.gem.20250815-59634-i1jhkv sitelibdir\=./.gem.20250815-59634-i1jhkv
compiling buffer.c
compiling buffer_class.c
compiling extension_value_class.c
compiling factory_class.c
compiling packer.c
compiling packer_class.c
compiling packer_ext_registry.c
compiling rbinit.c
compiling rmem.c
compiling unpacker.c
compiling unpacker_class.c
compiling unpacker_ext_registry.c
linking shared-object msgpack/msgpack.so

current directory: /home/cac/dev/rails/TOP-MembersOnly/.devenv/state/.bundle/ruby/3.4.0/gems/msgpack-1.8.0/ext/msgpack
make DESTDIR\= sitearchdir\=./.gem.20250815-59634-i1jhkv sitelibdir\=./.gem.20250815-59634-i1jhkv install
install -c -p -m 755 msgpack.so ./.gem.20250815-59634-i1jhkv/msgpack

current directory: /home/cac/dev/rails/TOP-MembersOnly/.devenv/state/.bundle/ruby/3.4.0/gems/msgpack-1.8.0/ext/msgpack
make DESTDIR\= sitearchdir\=./.gem.20250815-59634-i1jhkv sitelibdir\=./.gem.20250815-59634-i1jhkv clean
