have_func: checking for rb_ext_ractor_safe() in ruby.h... -------------------- yes

LD_LIBRARY_PATH=.:/nix/store/ffab2776ms3n4akdgxqwh5w04jh4hw3i-ruby-3.4.5/lib:/etc/sane-libs:/nix/store/98kvklm131lfws13a2m8j7jn62i278q1-pipewire-1.4.7-jack/lib ASAN_OPTIONS=detect_leaks=0 "gcc -o conftest -I/nix/store/ffab2776ms3n4akdgxqwh5w04jh4hw3i-ruby-3.4.5/include/ruby-3.4.0/x86_64-linux -I/nix/store/ffab2776ms3n4akdgxqwh5w04jh4hw3i-ruby-3.4.5/include/ruby-3.4.0/ruby/backward -I/nix/store/ffab2776ms3n4akdgxqwh5w04jh4hw3i-ruby-3.4.5/include/ruby-3.4.0 -I.    -O3 -fPIC conftest.c -L. -L/nix/store/ffab2776ms3n4akdgxqwh5w04jh4hw3i-ruby-3.4.5/lib -Wl,-rpath,/nix/store/ffab2776ms3n4akdgxqwh5w04jh4hw3i-ruby-3.4.5/lib -L. -fstack-protector-strong -rdynamic -Wl,-export-dynamic -Wl,--no-as-needed     -Wl,-rpath,/nix/store/ffab2776ms3n4akdgxqwh5w04jh4hw3i-ruby-3.4.5/lib -L/nix/store/ffab2776ms3n4akdgxqwh5w04jh4hw3i-ruby-3.4.5/lib -lruby-3.4.5  -lm -lpthread  -lc"
checked program was:
/* begin */
1: #include "ruby.h"
2: 
3: int main(int argc, char **argv)
4: {
5:   return !!argv[argc];
6: }
/* end */

LD_LIBRARY_PATH=.:/nix/store/ffab2776ms3n4akdgxqwh5w04jh4hw3i-ruby-3.4.5/lib:/etc/sane-libs:/nix/store/98kvklm131lfws13a2m8j7jn62i278q1-pipewire-1.4.7-jack/lib ASAN_OPTIONS=detect_leaks=0 "gcc -o conftest -I/nix/store/ffab2776ms3n4akdgxqwh5w04jh4hw3i-ruby-3.4.5/include/ruby-3.4.0/x86_64-linux -I/nix/store/ffab2776ms3n4akdgxqwh5w04jh4hw3i-ruby-3.4.5/include/ruby-3.4.0/ruby/backward -I/nix/store/ffab2776ms3n4akdgxqwh5w04jh4hw3i-ruby-3.4.5/include/ruby-3.4.0 -I.    -O3 -fPIC conftest.c -L. -L/nix/store/ffab2776ms3n4akdgxqwh5w04jh4hw3i-ruby-3.4.5/lib -Wl,-rpath,/nix/store/ffab2776ms3n4akdgxqwh5w04jh4hw3i-ruby-3.4.5/lib -L. -fstack-protector-strong -rdynamic -Wl,-export-dynamic -Wl,--no-as-needed     -Wl,-rpath,/nix/store/ffab2776ms3n4akdgxqwh5w04jh4hw3i-ruby-3.4.5/lib -L/nix/store/ffab2776ms3n4akdgxqwh5w04jh4hw3i-ruby-3.4.5/lib -lruby-3.4.5  -lm -lpthread  -lc"
checked program was:
/* begin */
 1: #include "ruby.h"
 2: 
 3: #include <ruby.h>
 4: 
 5: /*top*/
 6: extern int t(void);
 7: int main(int argc, char **argv)
 8: {
 9:   if (argc > 1000000) {
10:     int (* volatile tp)(void)=(int (*)(void))&t;
11:     printf("%d", (*tp)());
12:   }
13: 
14:   return !!argv[argc];
15: }
16: int t(void) { void ((*volatile p)()); p = (void ((*)()))rb_ext_ractor_safe; return !p; }
/* end */

--------------------

