pkg_config: checking for pkg-config for yaml-0.1... -------------------- ["-I/nix/store/497q1aj5gwqz5dqfn98kqaxwdc40hnwg-libyaml-0.2.5-dev/include ", "-L/nix/store/vm48ny4npjn67ig0pz8vb2akrf0m6iwh-libyaml-0.2.5/lib", "-lyaml"]

LD_LIBRARY_PATH=.:/nix/store/ffab2776ms3n4akdgxqwh5w04jh4hw3i-ruby-3.4.5/lib:/etc/sane-libs:/nix/store/98kvklm131lfws13a2m8j7jn62i278q1-pipewire-1.4.7-jack/lib ASAN_OPTIONS=detect_leaks=0 pkg-config --exists yaml-0.1
LD_LIBRARY_PATH=.:/nix/store/ffab2776ms3n4akdgxqwh5w04jh4hw3i-ruby-3.4.5/lib:/etc/sane-libs:/nix/store/98kvklm131lfws13a2m8j7jn62i278q1-pipewire-1.4.7-jack/lib ASAN_OPTIONS=detect_leaks=0 pkg-config --libs yaml-0.1 |
=> "-L/nix/store/vm48ny4npjn67ig0pz8vb2akrf0m6iwh-libyaml-0.2.5/lib -lyaml\n"
LD_LIBRARY_PATH=.:/nix/store/ffab2776ms3n4akdgxqwh5w04jh4hw3i-ruby-3.4.5/lib:/etc/sane-libs:/nix/store/98kvklm131lfws13a2m8j7jn62i278q1-pipewire-1.4.7-jack/lib ASAN_OPTIONS=detect_leaks=0 "gcc -o conftest -I/nix/store/ffab2776ms3n4akdgxqwh5w04jh4hw3i-ruby-3.4.5/include/ruby-3.4.0/x86_64-linux -I/nix/store/ffab2776ms3n4akdgxqwh5w04jh4hw3i-ruby-3.4.5/include/ruby-3.4.0/ruby/backward -I/nix/store/ffab2776ms3n4akdgxqwh5w04jh4hw3i-ruby-3.4.5/include/ruby-3.4.0 -I.    -O3 -fPIC conftest.c -L. -L/nix/store/ffab2776ms3n4akdgxqwh5w04jh4hw3i-ruby-3.4.5/lib -Wl,-rpath,/nix/store/ffab2776ms3n4akdgxqwh5w04jh4hw3i-ruby-3.4.5/lib -L. -fstack-protector-strong -rdynamic -Wl,-export-dynamic -Wl,--no-as-needed     -Wl,-rpath,/nix/store/ffab2776ms3n4akdgxqwh5w04jh4hw3i-ruby-3.4.5/lib -L/nix/store/ffab2776ms3n4akdgxqwh5w04jh4hw3i-ruby-3.4.5/lib -lruby-3.4.5  -lm -lpthread  -lc"
checked program was:
/* begin */
1: #include "ruby.h"
2: 
3: int main(int argc, char **argv)
4: {
5:   return !!argv[argc];
6: }
/* end */

LD_LIBRARY_PATH=.:/nix/store/ffab2776ms3n4akdgxqwh5w04jh4hw3i-ruby-3.4.5/lib:/etc/sane-libs:/nix/store/98kvklm131lfws13a2m8j7jn62i278q1-pipewire-1.4.7-jack/lib ASAN_OPTIONS=detect_leaks=0 "gcc -o conftest -I/nix/store/ffab2776ms3n4akdgxqwh5w04jh4hw3i-ruby-3.4.5/include/ruby-3.4.0/x86_64-linux -I/nix/store/ffab2776ms3n4akdgxqwh5w04jh4hw3i-ruby-3.4.5/include/ruby-3.4.0/ruby/backward -I/nix/store/ffab2776ms3n4akdgxqwh5w04jh4hw3i-ruby-3.4.5/include/ruby-3.4.0 -I.    -O3 -fPIC conftest.c -L. -L/nix/store/ffab2776ms3n4akdgxqwh5w04jh4hw3i-ruby-3.4.5/lib -Wl,-rpath,/nix/store/ffab2776ms3n4akdgxqwh5w04jh4hw3i-ruby-3.4.5/lib -L. -fstack-protector-strong -rdynamic -Wl,-export-dynamic -Wl,--no-as-needed -L/nix/store/vm48ny4npjn67ig0pz8vb2akrf0m6iwh-libyaml-0.2.5/lib -lyaml    -Wl,-rpath,/nix/store/ffab2776ms3n4akdgxqwh5w04jh4hw3i-ruby-3.4.5/lib -L/nix/store/ffab2776ms3n4akdgxqwh5w04jh4hw3i-ruby-3.4.5/lib -lruby-3.4.5  -lm -lpthread  -lc"
checked program was:
/* begin */
1: #include "ruby.h"
2: 
3: int main(int argc, char **argv)
4: {
5:   return !!argv[argc];
6: }
/* end */

LD_LIBRARY_PATH=.:/nix/store/ffab2776ms3n4akdgxqwh5w04jh4hw3i-ruby-3.4.5/lib:/etc/sane-libs:/nix/store/98kvklm131lfws13a2m8j7jn62i278q1-pipewire-1.4.7-jack/lib ASAN_OPTIONS=detect_leaks=0 pkg-config --cflags-only-I yaml-0.1 |
=> "-I/nix/store/497q1aj5gwqz5dqfn98kqaxwdc40hnwg-libyaml-0.2.5-dev/include\n"
LD_LIBRARY_PATH=.:/nix/store/ffab2776ms3n4akdgxqwh5w04jh4hw3i-ruby-3.4.5/lib:/etc/sane-libs:/nix/store/98kvklm131lfws13a2m8j7jn62i278q1-pipewire-1.4.7-jack/lib ASAN_OPTIONS=detect_leaks=0 pkg-config --cflags-only-other yaml-0.1 |
=> "\n"
LD_LIBRARY_PATH=.:/nix/store/ffab2776ms3n4akdgxqwh5w04jh4hw3i-ruby-3.4.5/lib:/etc/sane-libs:/nix/store/98kvklm131lfws13a2m8j7jn62i278q1-pipewire-1.4.7-jack/lib ASAN_OPTIONS=detect_leaks=0 pkg-config --libs-only-l yaml-0.1 |
=> "-lyaml\n"
package configuration for yaml-0.1
incflags: -I/nix/store/497q1aj5gwqz5dqfn98kqaxwdc40hnwg-libyaml-0.2.5-dev/include
cflags: 
ldflags: -L/nix/store/vm48ny4npjn67ig0pz8vb2akrf0m6iwh-libyaml-0.2.5/lib
libs: -lyaml

--------------------

find_header: checking for yaml.h... -------------------- yes

LD_LIBRARY_PATH=.:/nix/store/ffab2776ms3n4akdgxqwh5w04jh4hw3i-ruby-3.4.5/lib:/etc/sane-libs:/nix/store/98kvklm131lfws13a2m8j7jn62i278q1-pipewire-1.4.7-jack/lib ASAN_OPTIONS=detect_leaks=0 "gcc -I/nix/store/ffab2776ms3n4akdgxqwh5w04jh4hw3i-ruby-3.4.5/include/ruby-3.4.0/x86_64-linux -I/nix/store/ffab2776ms3n4akdgxqwh5w04jh4hw3i-ruby-3.4.5/include/ruby-3.4.0/ruby/backward -I/nix/store/ffab2776ms3n4akdgxqwh5w04jh4hw3i-ruby-3.4.5/include/ruby-3.4.0 -I. -I/nix/store/497q1aj5gwqz5dqfn98kqaxwdc40hnwg-libyaml-0.2.5-dev/include    -O3 -fPIC    -c conftest.c"
checked program was:
/* begin */
1: #include "ruby.h"
2: 
3: #include <yaml.h>
/* end */

--------------------

find_library: checking for yaml_get_version() in -lyaml... -------------------- yes

LD_LIBRARY_PATH=.:/nix/store/ffab2776ms3n4akdgxqwh5w04jh4hw3i-ruby-3.4.5/lib:/etc/sane-libs:/nix/store/98kvklm131lfws13a2m8j7jn62i278q1-pipewire-1.4.7-jack/lib ASAN_OPTIONS=detect_leaks=0 "gcc -o conftest -I/nix/store/ffab2776ms3n4akdgxqwh5w04jh4hw3i-ruby-3.4.5/include/ruby-3.4.0/x86_64-linux -I/nix/store/ffab2776ms3n4akdgxqwh5w04jh4hw3i-ruby-3.4.5/include/ruby-3.4.0/ruby/backward -I/nix/store/ffab2776ms3n4akdgxqwh5w04jh4hw3i-ruby-3.4.5/include/ruby-3.4.0 -I. -I/nix/store/497q1aj5gwqz5dqfn98kqaxwdc40hnwg-libyaml-0.2.5-dev/include    -O3 -fPIC  conftest.c -L. -L/nix/store/ffab2776ms3n4akdgxqwh5w04jh4hw3i-ruby-3.4.5/lib -Wl,-rpath,/nix/store/ffab2776ms3n4akdgxqwh5w04jh4hw3i-ruby-3.4.5/lib -L. -fstack-protector-strong -rdynamic -Wl,-export-dynamic -Wl,--no-as-needed -L/nix/store/vm48ny4npjn67ig0pz8vb2akrf0m6iwh-libyaml-0.2.5/lib     -lyaml -Wl,-rpath,/nix/store/ffab2776ms3n4akdgxqwh5w04jh4hw3i-ruby-3.4.5/lib -L/nix/store/ffab2776ms3n4akdgxqwh5w04jh4hw3i-ruby-3.4.5/lib -lruby-3.4.5 -lyaml  -lyaml -lm -lpthread  -lc"
conftest.c: In function ‘t’:
conftest.c:14:57: error: ‘yaml_get_version’ undeclared (first use in this function)
   14 | int t(void) { void ((*volatile p)()); p = (void ((*)()))yaml_get_version; return !p; }
      |                                                         ^~~~~~~~~~~~~~~~
conftest.c:14:57: note: each undeclared identifier is reported only once for each function it appears in
checked program was:
/* begin */
 1: #include "ruby.h"
 2: 
 3: /*top*/
 4: extern int t(void);
 5: int main(int argc, char **argv)
 6: {
 7:   if (argc > 1000000) {
 8:     int (* volatile tp)(void)=(int (*)(void))&t;
 9:     printf("%d", (*tp)());
10:   }
11: 
12:   return !!argv[argc];
13: }
14: int t(void) { void ((*volatile p)()); p = (void ((*)()))yaml_get_version; return !p; }
/* end */

LD_LIBRARY_PATH=.:/nix/store/ffab2776ms3n4akdgxqwh5w04jh4hw3i-ruby-3.4.5/lib:/etc/sane-libs:/nix/store/98kvklm131lfws13a2m8j7jn62i278q1-pipewire-1.4.7-jack/lib ASAN_OPTIONS=detect_leaks=0 "gcc -o conftest -I/nix/store/ffab2776ms3n4akdgxqwh5w04jh4hw3i-ruby-3.4.5/include/ruby-3.4.0/x86_64-linux -I/nix/store/ffab2776ms3n4akdgxqwh5w04jh4hw3i-ruby-3.4.5/include/ruby-3.4.0/ruby/backward -I/nix/store/ffab2776ms3n4akdgxqwh5w04jh4hw3i-ruby-3.4.5/include/ruby-3.4.0 -I. -I/nix/store/497q1aj5gwqz5dqfn98kqaxwdc40hnwg-libyaml-0.2.5-dev/include    -O3 -fPIC  conftest.c -L. -L/nix/store/ffab2776ms3n4akdgxqwh5w04jh4hw3i-ruby-3.4.5/lib -Wl,-rpath,/nix/store/ffab2776ms3n4akdgxqwh5w04jh4hw3i-ruby-3.4.5/lib -L. -fstack-protector-strong -rdynamic -Wl,-export-dynamic -Wl,--no-as-needed -L/nix/store/vm48ny4npjn67ig0pz8vb2akrf0m6iwh-libyaml-0.2.5/lib     -lyaml -Wl,-rpath,/nix/store/ffab2776ms3n4akdgxqwh5w04jh4hw3i-ruby-3.4.5/lib -L/nix/store/ffab2776ms3n4akdgxqwh5w04jh4hw3i-ruby-3.4.5/lib -lruby-3.4.5 -lyaml  -lyaml -lm -lpthread  -lc"
checked program was:
/* begin */
 1: #include "ruby.h"
 2: 
 3: /*top*/
 4: extern int t(void);
 5: int main(int argc, char **argv)
 6: {
 7:   if (argc > 1000000) {
 8:     int (* volatile tp)(void)=(int (*)(void))&t;
 9:     printf("%d", (*tp)());
10:   }
11: 
12:   return !!argv[argc];
13: }
14: extern void yaml_get_version();
15: int t(void) { yaml_get_version(); return 0; }
/* end */

--------------------

